<?xml version="1.0" encoding="UTF-8"?>
<testsuites name="Validra API E2E Tests" tests="25" time="0.132">
  <testsuite name="Health Check" id="2e49fc97-80e7-4aa8-a04f-3be823e3f0b5" timestamp="2025-04-21T05:50:20.441Z" tests="2" failures="0" errors="0" time="0.017">
    <testcase name="Status code is 200" time="0.017" classname="HealthCheck"/>
    <testcase name="Response has status property" time="0.017" classname="HealthCheck"/>
  </testsuite>
  <testsuite name="Resources / Create Resource" id="2b9ab63d-3de8-421e-8d46-95d35d83c45e" timestamp="2025-04-21T05:50:20.441Z" tests="1" failures="0" errors="0" time="0.015">
    <testcase name="Server error logged" time="0.015" classname="ResourcesCreateResource"/>
  </testsuite>
  <testsuite name="Resources / Get All Resources" id="b0ebeb36-a380-4156-bc7b-5a10049091aa" timestamp="2025-04-21T05:50:20.441Z" tests="2" failures="0" errors="0" time="0.003">
    <testcase name="Status code is 200" time="0.003" classname="ResourcesGetAllResources"/>
    <testcase name="Response has resources array" time="0.003" classname="ResourcesGetAllResources"/>
  </testsuite>
  <testsuite name="Resources / Get Resource by ID" id="603e5fed-d32b-4efa-8e13-f4e67a43f5ac" timestamp="2025-04-21T05:50:20.441Z" tests="1" failures="0" errors="0" time="0.004">
    <testcase name="Skipping resource retrieval test due to mock ID" time="0.004" classname="ResourcesGetResourceById"/>
  </testsuite>
  <testsuite name="Resources / Update Resource" id="7db2cda4-a1e2-4f77-bbd9-bd29252ced4f" timestamp="2025-04-21T05:50:20.441Z" tests="1" failures="0" errors="0" time="0.002">
    <testcase name="Skipping resource update test due to mock ID" time="0.002" classname="ResourcesUpdateResource"/>
  </testsuite>
  <testsuite name="Users / Create User" id="eca600db-e714-4a8e-9fbf-f2c8efd303f7" timestamp="2025-04-21T05:50:20.441Z" tests="3" failures="0" errors="0" time="0.011">
    <testcase name="Status code is 201" time="0.011" classname="UsersCreateUser"/>
    <testcase name="Response has user data" time="0.011" classname="UsersCreateUser"/>
    <testcase name="User data matches request" time="0.011" classname="UsersCreateUser"/>
  </testsuite>
  <testsuite name="Users / Get All Users" id="5324d235-9a54-4ad2-b744-55ad55f30b18" timestamp="2025-04-21T05:50:20.441Z" tests="2" failures="0" errors="0" time="0.003">
    <testcase name="Status code is 200" time="0.003" classname="UsersGetAllUsers"/>
    <testcase name="Response has users array" time="0.003" classname="UsersGetAllUsers"/>
  </testsuite>
  <testsuite name="Users / Get User by ID" id="ffb25976-c429-4809-8841-f2ab6bc54e25" timestamp="2025-04-21T05:50:20.441Z" tests="2" failures="0" errors="0" time="0.003">
    <testcase name="Status code is 200" time="0.003" classname="UsersGetUserById"/>
    <testcase name="Response has user data" time="0.003" classname="UsersGetUserById"/>
  </testsuite>
  <testsuite name="Users / Update User" id="02259c93-19cc-4399-804a-ca0100085720" timestamp="2025-04-21T05:50:20.441Z" tests="3" failures="0" errors="0" time="0.015">
    <testcase name="Status code is 200" time="0.015" classname="UsersUpdateUser"/>
    <testcase name="Response has updated user data" time="0.015" classname="UsersUpdateUser"/>
    <testcase name="User updated with correct data" time="0.015" classname="UsersUpdateUser"/>
  </testsuite>
  <testsuite name="Users / Delete User" id="98c0cf72-c35b-4946-8280-f6918cd70086" timestamp="2025-04-21T05:50:20.441Z" tests="2" failures="0" errors="0" time="0.007">
    <testcase name="Status code is 200" time="0.007" classname="UsersDeleteUser"/>
    <testcase name="Response indicates user was deleted" time="0.007" classname="UsersDeleteUser"/>
  </testsuite>
  <testsuite name="Roles / Create Role" id="66234e50-b310-4d1b-9780-26536edeb445" timestamp="2025-04-21T05:50:20.441Z" tests="3" failures="0" errors="0" time="0.008">
    <testcase name="Status code is 201" time="0.008" classname="RolesCreateRole"/>
    <testcase name="Response has role data" time="0.008" classname="RolesCreateRole"/>
    <testcase name="Role data matches request" time="0.008" classname="RolesCreateRole"/>
  </testsuite>
  <testsuite name="Roles / Get All Roles" id="a775b3fb-66fc-4730-86e5-0007c466d4e3" timestamp="2025-04-21T05:50:20.441Z" tests="2" failures="0" errors="0" time="0.005">
    <testcase name="Status code is 200" time="0.005" classname="RolesGetAllRoles"/>
    <testcase name="Response has roles array" time="0.005" classname="RolesGetAllRoles"/>
  </testsuite>
  <testsuite name="Roles / Get Role by ID" id="45e45b74-4816-4047-bfc6-a11cd1b36eaf" timestamp="2025-04-21T05:50:20.441Z" tests="2" failures="0" errors="0" time="0.005">
    <testcase name="Status code is 200" time="0.005" classname="RolesGetRoleById"/>
    <testcase name="Response has role data" time="0.005" classname="RolesGetRoleById"/>
  </testsuite>
  <testsuite name="Roles / Update Role" id="edf9217c-f973-4f50-97d3-de5f42afe61b" timestamp="2025-04-21T05:50:20.441Z" tests="3" failures="0" errors="0" time="0.006">
    <testcase name="Status code is 200" time="0.006" classname="RolesUpdateRole"/>
    <testcase name="Response has updated role data" time="0.006" classname="RolesUpdateRole"/>
    <testcase name="Role updated with correct data" time="0.006" classname="RolesUpdateRole"/>
  </testsuite>
  <testsuite name="Roles / Delete Role" id="97c856f0-5553-464d-9b28-c61db5148651" timestamp="2025-04-21T05:50:20.441Z" tests="2" failures="1" errors="0" time="0.007">
    <testcase name="Status code is 200" time="0.007" classname="RolesDeleteRole"/>
    <testcase name="Response indicates role was soft deleted" time="0.007" classname="RolesDeleteRole">
      <failure type="AssertionFailure" message="Response should contain either deletedAt or deleted_at property">
        <![CDATA[Failed 1 times.]]>
        <![CDATA[Collection JSON ID: f87b5515-b1f1-4934-9d09-df5c66d9e123.]]>
        <![CDATA[Collection name: Validra API E2E Tests.]]>
        <![CDATA[Request name: Roles / Delete Role.]]>
        <![CDATA[Test description: Response indicates role was soft deleted.]]>
        <![CDATA[Error message: Response should contain either deletedAt or deleted_at property.]]>
        <![CDATA[Stacktrace: AssertionError: Response should contain either deletedAt or deleted_at property
   at Object.eval sandbox-script.js:2:15).]]>
      </failure>
    </testcase>
  </testsuite>
  <testsuite name="Actions / Create Action" id="c3a40ca2-8a72-4249-80d2-16256bbbb847" timestamp="2025-04-21T05:50:20.441Z" tests="1" failures="0" errors="0" time="0.001">
    <testcase name="Skipping action creation due to error" time="0.001" classname="ActionsCreateAction"/>
  </testsuite>
  <testsuite name="Actions / Get All Actions" id="f1769387-bc5f-4b58-a1e1-9bae7533ab9e" timestamp="2025-04-21T05:50:20.441Z" tests="1" failures="0" errors="0" time="0.001">
    <testcase name="Skipping Actions test - endpoint not implemented in API" time="0.001" classname="ActionsGetAllActions"/>
  </testsuite>
  <testsuite name="Actions / Get Action by ID" id="baa83366-8985-4707-8cdd-2d692d35d15e" timestamp="2025-04-21T05:50:20.441Z" tests="1" failures="0" errors="0" time="0.001">
    <testcase name="Skipping action retrieval test due to mock ID" time="0.001" classname="ActionsGetActionById"/>
  </testsuite>
  <testsuite name="Actions / Get Actions by Resource ID" id="cf09cfaa-a0df-4591-826d-2fd0ea3dfa7b" timestamp="2025-04-21T05:50:20.441Z" tests="1" failures="0" errors="0" time="0.001">
    <testcase name="Skipping Actions by Resource ID test - endpoint not implemented in API" time="0.001" classname="ActionsGetActionsByResourceId"/>
  </testsuite>
  <testsuite name="Actions / Update Action" id="207aac92-66bf-4bc4-af05-da3c7ba683f6" timestamp="2025-04-21T05:50:20.441Z" tests="1" failures="0" errors="0" time="0.001">
    <testcase name="Skipping action update test due to mock ID" time="0.001" classname="ActionsUpdateAction"/>
  </testsuite>
  <testsuite name="Permissions / Check Permission" id="1e58b050-d9c4-4d00-b80d-d7afd5c7d0d1" timestamp="2025-04-21T05:50:20.441Z" tests="2" failures="0" errors="0" time="0.003">
    <testcase name="Status code is 200" time="0.003" classname="PermissionsCheckPermission"/>
    <testcase name="Response has correct structure" time="0.003" classname="PermissionsCheckPermission"/>
  </testsuite>
  <testsuite name="Cleanup / Delete Action" id="9aff0783-c869-4bf8-a272-de48ceebbf35" timestamp="2025-04-21T05:50:20.441Z" tests="1" failures="0" errors="0" time="0.003">
    <testcase name="Skipping action deletion test due to mock ID" time="0.003" classname="CleanupDeleteAction"/>
  </testsuite>
  <testsuite name="Cleanup / Delete Role" id="538e9ee3-0e6c-40ab-ae03-5b649ce0564f" timestamp="2025-04-21T05:50:20.441Z" tests="2" failures="1" errors="0" time="0.004">
    <testcase name="Status code is 200" time="0.004" classname="CleanupDeleteRole"/>
    <testcase name="Response indicates role was soft deleted" time="0.004" classname="CleanupDeleteRole">
      <failure type="AssertionFailure" message="Response should contain either deletedAt or deleted_at property">
        <![CDATA[Failed 1 times.]]>
        <![CDATA[Collection JSON ID: f87b5515-b1f1-4934-9d09-df5c66d9e123.]]>
        <![CDATA[Collection name: Validra API E2E Tests.]]>
        <![CDATA[Request name: Cleanup / Delete Role.]]>
        <![CDATA[Test description: Response indicates role was soft deleted.]]>
        <![CDATA[Error message: Response should contain either deletedAt or deleted_at property.]]>
        <![CDATA[Stacktrace: AssertionError: Response should contain either deletedAt or deleted_at property
   at Object.eval sandbox-script.js:2:23).]]>
      </failure>
    </testcase>
  </testsuite>
  <testsuite name="Cleanup / Delete User" id="9c2ab169-f39f-412d-b1eb-adc8fc9196b9" timestamp="2025-04-21T05:50:20.441Z" tests="2" failures="0" errors="0" time="0.004">
    <testcase name="Status code is 200" time="0.004" classname="CleanupDeleteUser"/>
    <testcase name="Response indicates user was deleted" time="0.004" classname="CleanupDeleteUser"/>
  </testsuite>
  <testsuite name="Cleanup / Delete Resource" id="ab8871fc-5f86-4451-a47d-ef6980d49941" timestamp="2025-04-21T05:50:20.441Z" tests="1" failures="0" errors="0" time="0.002">
    <testcase name="Skipping resource deletion test due to mock ID" time="0.002" classname="CleanupDeleteResource"/>
  </testsuite>
</testsuites>